#
# There is insufficient memory for the Java Runtime Environment to continue.
# Native memory allocation (malloc) failed to allocate 1592288 bytes for Chunk::new
# Possible reasons:
#   The system is out of physical RAM or swap space
#   The process is running with CompressedOops enabled, and the Java Heap may be blocking the growth of the native heap
# Possible solutions:
#   Reduce memory load on the system
#   Increase physical memory or swap space
#   Check if swap backing store is full
#   Decrease Java heap size (-Xmx/-Xms)
#   Decrease number of Java threads
#   Decrease Java thread stack sizes (-Xss)
#   Set larger code cache with -XX:ReservedCodeCacheSize=
#   JVM is running with Unscaled Compressed Oops mode in which the Java heap is
#     placed in the first 4GB address space. The Java Heap base address is the
#     maximum limit for the native heap growth. Please use -XX:HeapBaseMinAddress
#     to set the Java Heap base and to place the Java Heap above 4GB virtual address.
# This output file may be truncated or incomplete.
#
#  Out of Memory Error (arena.cpp:189), pid=6288, tid=31892
#
# JRE version: OpenJDK Runtime Environment Temurin-17.0.7+7 (17.0.7+7) (build 17.0.7+7)
# Java VM: OpenJDK 64-Bit Server VM Temurin-17.0.7+7 (17.0.7+7, mixed mode, tiered, compressed oops, compressed class ptrs, g1 gc, windows-amd64)
# No core dump will be written. Minidumps are not enabled by default on client versions of Windows
#

---------------  S U M M A R Y ------------

Command Line: -Dfile.encoding=UTF-8 -Dstdout.encoding=UTF-8 -Dstderr.encoding=UTF-8 -XX:+ShowCodeDetailsInExceptionMessages com.example.project.ProjectApplication

Host: AMD Ryzen 5 5500U with Radeon Graphics         , 12 cores, 5G,  Windows 11 , 64 bit Build 22621 (10.0.22621.3235)
Time: Tue May 14 20:04:58 2024 India Standard Time elapsed time: 6.220673 seconds (0d 0h 0m 6s)

---------------  T H R E A D  ---------------

Current thread (0x0000022bde7de030):  JavaThread "C2 CompilerThread0" daemon [_thread_in_native, id=31892, stack(0x000000fe2f200000,0x000000fe2f300000)]


Current CompileTask:
C2:   6220 4643       4       jdk.internal.org.objectweb.asm.MethodWriter::computeAllFrames (510 bytes)

Stack: [0x000000fe2f200000,0x000000fe2f300000]
Native frames: (J=compiled Java code, j=interpreted, Vv=VM code, C=native code)
V  [jvm.dll+0x67754a]
V  [jvm.dll+0x834304]
V  [jvm.dll+0x835aae]
V  [jvm.dll+0x836113]
V  [jvm.dll+0x24696f]
V  [jvm.dll+0xac0ac]
V  [jvm.dll+0xac67c]
V  [jvm.dll+0x364e37]
V  [jvm.dll+0x32f6b1]
V  [jvm.dll+0x32eb5a]
V  [jvm.dll+0x219641]
V  [jvm.dll+0x218a61]
V  [jvm.dll+0x1a4d8d]
V  [jvm.dll+0x2284da]
V  [jvm.dll+0x226615]
V  [jvm.dll+0x7ea90b]
V  [jvm.dll+0x7e4e7a]
V  [jvm.dll+0x676395]
C  [ucrtbase.dll+0x29363]
C  [KERNEL32.DLL+0x1257d]
C  [ntdll.dll+0x5aa58]


---------------  P R O C E S S  ---------------

Threads class SMR info:
_java_thread_list=0x0000022be406f670, length=22, elements={
0x0000022bc5796bf0, 0x0000022bde7aec30, 0x0000022bde7afaa0, 0x0000022bde7daa10,
0x0000022bde7db5c0, 0x0000022bde7dcba0, 0x0000022bde936230, 0x0000022bde7de030,
0x0000022bde93d940, 0x0000022bde941e90, 0x0000022bde936700, 0x0000022bde936bd0,
0x0000022bdebd3650, 0x0000022bde9370a0, 0x0000022bde934550, 0x0000022be4efaa00,
0x0000022bde935d60, 0x0000022bde937a40, 0x0000022bde934a20, 0x0000022bde934ef0,
0x0000022bde9353c0, 0x0000022bde935890
}

Java Threads: ( => current thread )
  0x0000022bc5796bf0 JavaThread "main" [_thread_blocked, id=13380, stack(0x000000fe2e500000,0x000000fe2e600000)]
  0x0000022bde7aec30 JavaThread "Reference Handler" daemon [_thread_blocked, id=8644, stack(0x000000fe2ec00000,0x000000fe2ed00000)]
  0x0000022bde7afaa0 JavaThread "Finalizer" daemon [_thread_blocked, id=20152, stack(0x000000fe2ed00000,0x000000fe2ee00000)]
  0x0000022bde7daa10 JavaThread "Signal Dispatcher" daemon [_thread_blocked, id=26420, stack(0x000000fe2ee00000,0x000000fe2ef00000)]
  0x0000022bde7db5c0 JavaThread "Attach Listener" daemon [_thread_blocked, id=27948, stack(0x000000fe2ef00000,0x000000fe2f000000)]
  0x0000022bde7dcba0 JavaThread "Service Thread" daemon [_thread_blocked, id=23188, stack(0x000000fe2f000000,0x000000fe2f100000)]
  0x0000022bde936230 JavaThread "Monitor Deflation Thread" daemon [_thread_blocked, id=20700, stack(0x000000fe2f100000,0x000000fe2f200000)]
=>0x0000022bde7de030 JavaThread "C2 CompilerThread0" daemon [_thread_in_native, id=31892, stack(0x000000fe2f200000,0x000000fe2f300000)]
  0x0000022bde93d940 JavaThread "C1 CompilerThread0" daemon [_thread_blocked, id=13428, stack(0x000000fe2f300000,0x000000fe2f400000)]
  0x0000022bde941e90 JavaThread "Sweeper thread" daemon [_thread_blocked, id=13104, stack(0x000000fe2f400000,0x000000fe2f500000)]
  0x0000022bde936700 JavaThread "Notification Thread" daemon [_thread_blocked, id=27224, stack(0x000000fe2f500000,0x000000fe2f600000)]
  0x0000022bde936bd0 JavaThread "Common-Cleaner" daemon [_thread_blocked, id=13320, stack(0x000000fe2f700000,0x000000fe2f800000)]
  0x0000022bdebd3650 JavaThread "C2 CompilerThread1" daemon [_thread_in_native, id=26864, stack(0x000000fe2f800000,0x000000fe2f900000)]
  0x0000022bde9370a0 JavaThread "Thread-0" [_thread_blocked, id=14640, stack(0x000000fe2f900000,0x000000fe2fa00000)]
  0x0000022bde934550 JavaThread "restartedMain" [_thread_in_vm, id=30532, stack(0x000000fe2fa00000,0x000000fe2fb00000)]
  0x0000022be4efaa00 JavaThread "C2 CompilerThread2" daemon [_thread_in_native, id=16528, stack(0x000000fe30700000,0x000000fe30800000)]
  0x0000022bde935d60 JavaThread "Catalina-utility-1" [_thread_blocked, id=23448, stack(0x000000fe30000000,0x000000fe30100000)]
  0x0000022bde937a40 JavaThread "Catalina-utility-2" [_thread_blocked, id=12416, stack(0x000000fe30800000,0x000000fe30900000)]
  0x0000022bde934a20 JavaThread "container-0" [_thread_blocked, id=5344, stack(0x000000fe30900000,0x000000fe30a00000)]
  0x0000022bde934ef0 JavaThread "mysql-cj-abandoned-connection-cleanup" daemon [_thread_blocked, id=3268, stack(0x000000fe30a00000,0x000000fe30b00000)]
  0x0000022bde9353c0 JavaThread "HikariPool-1 housekeeper" daemon [_thread_blocked, id=2228, stack(0x000000fe30c00000,0x000000fe30d00000)]
  0x0000022bde935890 JavaThread "HikariPool-1 connection adder" daemon [_thread_in_native, id=16948, stack(0x000000fe30d00000,0x000000fe30e00000)]

Other Threads:
  0x0000022bde7a8f80 VMThread "VM Thread" [stack: 0x000000fe2eb00000,0x000000fe2ec00000] [id=24248]
  0x0000022bc57fcd30 WatcherThread [stack: 0x000000fe2f600000,0x000000fe2f700000] [id=20540]
  0x0000022bc57e4360 GCTaskThread "GC Thread#0" [stack: 0x000000fe2e600000,0x000000fe2e700000] [id=27756]
  0x0000022be35adcd0 GCTaskThread "GC Thread#1" [stack: 0x000000fe2fb00000,0x000000fe2fc00000] [id=5552]
  0x0000022be35adf80 GCTaskThread "GC Thread#2" [stack: 0x000000fe2fc00000,0x000000fe2fd00000] [id=16708]
  0x0000022be3a7dbd0 GCTaskThread "GC Thread#3" [stack: 0x000000fe2fd00000,0x000000fe2fe00000] [id=2696]
  0x0000022be3a7de80 GCTaskThread "GC Thread#4" [stack: 0x000000fe2fe00000,0x000000fe2ff00000] [id=6388]
  0x0000022be3a00760 GCTaskThread "GC Thread#5" [stack: 0x000000fe2ff00000,0x000000fe30000000] [id=7144]
  0x0000022be42098f0 GCTaskThread "GC Thread#6" [stack: 0x000000fe30100000,0x000000fe30200000] [id=4016]
  0x0000022be3dc61d0 GCTaskThread "GC Thread#7" [stack: 0x000000fe30200000,0x000000fe30300000] [id=31880]
  0x0000022be3e28d00 GCTaskThread "GC Thread#8" [stack: 0x000000fe30300000,0x000000fe30400000] [id=27452]
  0x0000022be415f140 GCTaskThread "GC Thread#9" [stack: 0x000000fe30400000,0x000000fe30500000] [id=30040]
  0x0000022bc57f1580 ConcurrentGCThread "G1 Main Marker" [stack: 0x000000fe2e700000,0x000000fe2e800000] [id=30080]
  0x0000022bc57f1f90 ConcurrentGCThread "G1 Conc#0" [stack: 0x000000fe2e800000,0x000000fe2e900000] [id=23376]
  0x0000022be3f5d280 ConcurrentGCThread "G1 Conc#1" [stack: 0x000000fe30500000,0x000000fe30600000] [id=6220]
  0x0000022be415f800 ConcurrentGCThread "G1 Conc#2" [stack: 0x000000fe30600000,0x000000fe30700000] [id=11820]
  0x0000022bc584e100 ConcurrentGCThread "G1 Refine#0" [stack: 0x000000fe2e900000,0x000000fe2ea00000] [id=21060]
  0x0000022bc584eb20 ConcurrentGCThread "G1 Service" [stack: 0x000000fe2ea00000,0x000000fe2eb00000] [id=24776]

Threads with active compile tasks:
C2 CompilerThread0     6237 4643       4       jdk.internal.org.objectweb.asm.MethodWriter::computeAllFrames (510 bytes)
C2 CompilerThread1     6237 4778       4       java.lang.invoke.MethodType::makeImpl (109 bytes)
C2 CompilerThread2     6237 4666       4       sun.security.ec.ECOperations::setDouble (559 bytes)

VM state: not at safepoint (normal execution)

VM Mutex/Monitor currently owned by a thread:  ([mutex/lock_event])
[0x0000022bc5784fb0] Metaspace_lock - owner thread: 0x0000000000000000

Heap address: 0x00000000a2600000, size: 1498 MB, Compressed Oops mode: 32-bit

CDS archive(s) not mapped
Compressed class space mapped at: 0x0000000100000000-0x0000000140000000, reserved size: 1073741824
Narrow klass base: 0x0000000000000000, Narrow klass shift: 3, Narrow klass range: 0x140000000

GC Precious Log:
 CPUs: 12 total, 12 available
 Memory: 5989M
 Large Page Support: Disabled
 NUMA Support: Disabled
 Compressed Oops: Enabled (32-bit)
 Heap Region Size: 1M
 Heap Min Capacity: 8M
 Heap Initial Capacity: 94M
 Heap Max Capacity: 1498M
 Pre-touch: Disabled
 Parallel Workers: 10
 Concurrent Workers: 3
 Concurrent Refinement Workers: 10
 Periodic GC: Disabled

Heap:
 garbage-first heap   total 37888K, used 27790K [0x00000000a2600000, 0x0000000100000000)
  region size 1024K, 9 young (9216K), 1 survivors (1024K)
 Metaspace       used 55083K, committed 55616K, reserved 1114112K
  class space    used 6783K, committed 7040K, reserved 1048576K

Heap Regions: E=young(eden), S=young(survivor), O=old, HS=humongous(starts), HC=humongous(continues), CS=collection set, F=free, OA=open archive, CA=closed archive, TAMS=top-at-mark-start (previous, next)
|   0|0x00000000a2600000, 0x00000000a2700000, 0x00000000a2700000|100%|HS|  |TAMS 0x00000000a2700000, 0x00000000a2600000| Complete 
|   1|0x00000000a2700000, 0x00000000a2800000, 0x00000000a2800000|100%| O|  |TAMS 0x00000000a2800000, 0x00000000a2700000| Untracked 
|   2|0x00000000a2800000, 0x00000000a2900000, 0x00000000a2900000|100%| O|  |TAMS 0x00000000a2900000, 0x00000000a2800000| Untracked 
|   3|0x00000000a2900000, 0x00000000a2a00000, 0x00000000a2a00000|100%| O|  |TAMS 0x00000000a2a00000, 0x00000000a2900000| Untracked 
|   4|0x00000000a2a00000, 0x00000000a2b00000, 0x00000000a2b00000|100%| O|  |TAMS 0x00000000a2b00000, 0x00000000a2a00000| Untracked 
|   5|0x00000000a2b00000, 0x00000000a2c00000, 0x00000000a2c00000|100%| O|  |TAMS 0x00000000a2c00000, 0x00000000a2b00000| Untracked 
|   6|0x00000000a2c00000, 0x00000000a2d00000, 0x00000000a2d00000|100%| O|  |TAMS 0x00000000a2d00000, 0x00000000a2c00000| Untracked 
|   7|0x00000000a2d00000, 0x00000000a2e00000, 0x00000000a2e00000|100%| O|  |TAMS 0x00000000a2e00000, 0x00000000a2d00000| Untracked 
|   8|0x00000000a2e00000, 0x00000000a2f00000, 0x00000000a2f00000|100%| O|  |TAMS 0x00000000a2f00000, 0x00000000a2e00000| Untracked 
|   9|0x00000000a2f00000, 0x00000000a3000000, 0x00000000a3000000|100%| O|  |TAMS 0x00000000a3000000, 0x00000000a2f00000| Untracked 
|  10|0x00000000a3000000, 0x00000000a3100000, 0x00000000a3100000|100%| O|  |TAMS 0x00000000a3100000, 0x00000000a3000000| Untracked 
|  11|0x00000000a3100000, 0x00000000a3200000, 0x00000000a3200000|100%| O|  |TAMS 0x00000000a3200000, 0x00000000a3100000| Untracked 
|  12|0x00000000a3200000, 0x00000000a3300000, 0x00000000a3300000|100%| O|  |TAMS 0x00000000a3300000, 0x00000000a3200000| Untracked 
|  13|0x00000000a3300000, 0x00000000a3400000, 0x00000000a3400000|100%| O|  |TAMS 0x00000000a3400000, 0x00000000a3300000| Untracked 
|  14|0x00000000a3400000, 0x00000000a3500000, 0x00000000a3500000|100%| O|  |TAMS 0x00000000a3500000, 0x00000000a3400000| Untracked 
|  15|0x00000000a3500000, 0x00000000a3600000, 0x00000000a3600000|100%| O|  |TAMS 0x00000000a3600000, 0x00000000a3500000| Untracked 
|  16|0x00000000a3600000, 0x00000000a3700000, 0x00000000a3700000|100%| O|  |TAMS 0x00000000a3700000, 0x00000000a3600000| Untracked 
|  17|0x00000000a3700000, 0x00000000a3800000, 0x00000000a3800000|100%| O|  |TAMS 0x00000000a37eb000, 0x00000000a3700000| Untracked 
|  18|0x00000000a3800000, 0x00000000a3900000, 0x00000000a3900000|100%| O|  |TAMS 0x00000000a3800000, 0x00000000a3800000| Untracked 
|  19|0x00000000a3900000, 0x00000000a3a00000, 0x00000000a3a00000|100%| O|  |TAMS 0x00000000a3900000, 0x00000000a3900000| Untracked 
|  20|0x00000000a3a00000, 0x00000000a3a50800, 0x00000000a3b00000| 31%| O|  |TAMS 0x00000000a3a00000, 0x00000000a3a00000| Untracked 
|  21|0x00000000a3b00000, 0x00000000a3b00000, 0x00000000a3c00000|  0%| F|  |TAMS 0x00000000a3b00000, 0x00000000a3b00000| Untracked 
|  22|0x00000000a3c00000, 0x00000000a3c00000, 0x00000000a3d00000|  0%| F|  |TAMS 0x00000000a3c00000, 0x00000000a3c00000| Untracked 
|  23|0x00000000a3d00000, 0x00000000a3d00000, 0x00000000a3e00000|  0%| F|  |TAMS 0x00000000a3d00000, 0x00000000a3d00000| Untracked 
|  24|0x00000000a3e00000, 0x00000000a3e00000, 0x00000000a3f00000|  0%| F|  |TAMS 0x00000000a3e00000, 0x00000000a3e00000| Untracked 
|  25|0x00000000a3f00000, 0x00000000a3f00000, 0x00000000a4000000|  0%| F|  |TAMS 0x00000000a3f00000, 0x00000000a3f00000| Untracked 
|  26|0x00000000a4000000, 0x00000000a4000000, 0x00000000a4100000|  0%| F|  |TAMS 0x00000000a4000000, 0x00000000a4000000| Untracked 
|  27|0x00000000a4100000, 0x00000000a41d3170, 0x00000000a4200000| 82%| S|CS|TAMS 0x00000000a4100000, 0x00000000a4100000| Complete 
|  28|0x00000000a4200000, 0x00000000a4200000, 0x00000000a4300000|  0%| F|  |TAMS 0x00000000a4200000, 0x00000000a4200000| Untracked 
|  29|0x00000000a4300000, 0x00000000a430c080, 0x00000000a4400000|  4%| E|  |TAMS 0x00000000a4300000, 0x00000000a4300000| Complete 
|  30|0x00000000a4400000, 0x00000000a44f81a0, 0x00000000a4500000| 96%| E|  |TAMS 0x00000000a4400000, 0x00000000a4400000| Complete 
|  31|0x00000000a4500000, 0x00000000a4600000, 0x00000000a4600000|100%| E|CS|TAMS 0x00000000a4500000, 0x00000000a4500000| Complete 
|  32|0x00000000a4600000, 0x00000000a4700000, 0x00000000a4700000|100%| E|CS|TAMS 0x00000000a4600000, 0x00000000a4600000| Complete 
|  61|0x00000000a6300000, 0x00000000a6400000, 0x00000000a6400000|100%| E|CS|TAMS 0x00000000a6300000, 0x00000000a6300000| Complete 
|  62|0x00000000a6400000, 0x00000000a6500000, 0x00000000a6500000|100%| E|CS|TAMS 0x00000000a6400000, 0x00000000a6400000| Complete 
|  63|0x00000000a6500000, 0x00000000a6600000, 0x00000000a6600000|100%| E|CS|TAMS 0x00000000a6500000, 0x00000000a6500000| Complete 
|  93|0x00000000a8300000, 0x00000000a8400000, 0x00000000a8400000|100%| E|CS|TAMS 0x00000000a8300000, 0x00000000a8300000| Complete 

Card table byte_map: [0x0000022bd8680000,0x0000022bd8970000] _byte_map_base: 0x0000022bd816d000

Marking Bits (Prev, Next): (CMBitMap*) 0x0000022bc57e4970, (CMBitMap*) 0x0000022bc57e49b0
 Prev Bits: [0x0000022bd8c60000, 0x0000022bda3c8000)
 Next Bits: [0x0000022bda3d0000, 0x0000022bdbb38000)

Polling page: 0x0000022bc4f50000

Metaspace:

Usage:
  Non-class:     47.17 MB used.
      Class:      6.62 MB used.
       Both:     53.80 MB used.

Virtual space:
  Non-class space:       64.00 MB reserved,      47.44 MB ( 74%) committed,  1 nodes.
      Class space:        1.00 GB reserved,       6.88 MB ( <1%) committed,  1 nodes.
             Both:        1.06 GB reserved,      54.31 MB (  5%) committed. 

Chunk freelists:
   Non-Class:  480.00 KB
       Class:  9.11 MB
        Both:  9.58 MB

MaxMetaspaceSize: unlimited
CompressedClassSpaceSize: 1.00 GB
Initial GC threshold: 21.00 MB
Current GC threshold: 85.25 MB
CDS: off
MetaspaceReclaimPolicy: balanced
 - commit_granule_bytes: 65536.
 - commit_granule_words: 8192.
 - virtual_space_node_default_size: 8388608.
 - enlarge_chunks_in_place: 1.
 - new_chunks_are_fully_committed: 0.
 - uncommit_free_chunks: 1.
 - use_allocation_guard: 0.
 - handle_deallocations: 1.


Internal statistics:

num_allocs_failed_limit: 8.
num_arena_births: 572.
num_arena_deaths: 0.
num_vsnodes_births: 2.
num_vsnodes_deaths: 0.
num_space_committed: 869.
num_space_uncommitted: 0.
num_chunks_returned_to_freelist: 8.
num_chunks_taken_from_freelist: 2136.
num_chunk_merges: 8.
num_chunk_splits: 1501.
num_chunks_enlarged: 1141.
num_inconsistent_stats: 0.

CodeHeap 'non-profiled nmethods': size=120000Kb used=2987Kb max_used=2987Kb free=117012Kb
 bounds [0x0000022bd0910000, 0x0000022bd0c00000, 0x0000022bd7e40000]
CodeHeap 'profiled nmethods': size=120000Kb used=10115Kb max_used=10115Kb free=109884Kb
 bounds [0x0000022bc8e40000, 0x0000022bc9830000, 0x0000022bd0370000]
CodeHeap 'non-nmethods': size=5760Kb used=1286Kb max_used=1310Kb free=4474Kb
 bounds [0x0000022bd0370000, 0x0000022bd05e0000, 0x0000022bd0910000]
 total_blobs=5405 nmethods=4799 adapters=517
 compilation: enabled
              stopped_count=0, restarted_count=0
 full_count=0

Compilation events (20 events):
Event: 6.208 Thread 0x0000022bde93d940 4796       3       sun.security.ssl.Plaintext::<init> (43 bytes)
Event: 6.208 Thread 0x0000022bde93d940 nmethod 4796 0x0000022bc981e290 code [0x0000022bc981e420, 0x0000022bc981e638]
Event: 6.208 Thread 0x0000022bde93d940 4799       3       sun.security.ssl.Authenticator::sequenceNumber (10 bytes)
Event: 6.208 Thread 0x0000022bde93d940 nmethod 4799 0x0000022bc981e710 code [0x0000022bc981e8a0, 0x0000022bc981e9e8]
Event: 6.208 Thread 0x0000022bde93d940 4800       3       com.sun.crypto.provider.HmacCore::engineUpdate (35 bytes)
Event: 6.208 Thread 0x0000022bde93d940 nmethod 4800 0x0000022bc981ea90 code [0x0000022bc981ec60, 0x0000022bc981f158]
Event: 6.208 Thread 0x0000022bde93d940 4801       1       java.nio.ByteBuffer::base (5 bytes)
Event: 6.209 Thread 0x0000022bde93d940 nmethod 4801 0x0000022bd0bfa910 code [0x0000022bd0bfaaa0, 0x0000022bd0bfab78]
Event: 6.209 Thread 0x0000022bde93d940 4802       1       sun.security.ssl.SSLCipher$SSLWriteCipher::isNullCipher (2 bytes)
Event: 6.209 Thread 0x0000022bde93d940 nmethod 4802 0x0000022bd0bfac10 code [0x0000022bd0bfada0, 0x0000022bd0bfae78]
Event: 6.210 Thread 0x0000022bde93d940 4803       3       java.nio.ByteBuffer::reset (7 bytes)
Event: 6.211 Thread 0x0000022bde93d940 nmethod 4803 0x0000022bc981f390 code [0x0000022bc981f540, 0x0000022bc981f768]
Event: 6.211 Thread 0x0000022bde93d940 4804       3       java.nio.Buffer::reset (24 bytes)
Event: 6.211 Thread 0x0000022bde93d940 nmethod 4804 0x0000022bc981f890 code [0x0000022bc981fa40, 0x0000022bc981fc08]
Event: 6.211 Thread 0x0000022bde93d940 4805       3       java.nio.HeapByteBuffer::get (15 bytes)
Event: 6.211 Thread 0x0000022bde93d940 nmethod 4805 0x0000022bc981fd10 code [0x0000022bc981fec0, 0x0000022bc98200b8]
Event: 6.211 Thread 0x0000022bde93d940 4806       3       com.sun.crypto.provider.CounterMode::<init> (41 bytes)
Event: 6.211 Thread 0x0000022bde93d940 nmethod 4806 0x0000022bc9820210 code [0x0000022bc98203e0, 0x0000022bc9820928]
Event: 6.211 Thread 0x0000022bde93d940 4807       3       com.sun.crypto.provider.CounterMode::reset (26 bytes)
Event: 6.212 Thread 0x0000022bde93d940 nmethod 4807 0x0000022bc9820a90 code [0x0000022bc9820c40, 0x0000022bc9820e28]

GC Heap History (20 events):
Event: 2.827 GC heap before
{Heap before GC invocations=6 (full 0):
 garbage-first heap   total 37888K, used 26972K [0x00000000a2600000, 0x0000000100000000)
  region size 1024K, 17 young (17408K), 2 survivors (2048K)
 Metaspace       used 29294K, committed 29568K, reserved 1114112K
  class space    used 3307K, committed 3456K, reserved 1048576K
}
Event: 2.830 GC heap after
{Heap after GC invocations=7 (full 0):
 garbage-first heap   total 37888K, used 13666K [0x00000000a2600000, 0x0000000100000000)
  region size 1024K, 3 young (3072K), 3 survivors (3072K)
 Metaspace       used 29294K, committed 29568K, reserved 1114112K
  class space    used 3307K, committed 3456K, reserved 1048576K
}
Event: 3.306 GC heap before
{Heap before GC invocations=7 (full 0):
 garbage-first heap   total 37888K, used 28002K [0x00000000a2600000, 0x0000000100000000)
  region size 1024K, 17 young (17408K), 3 survivors (3072K)
 Metaspace       used 31602K, committed 31936K, reserved 1114112K
  class space    used 3644K, committed 3776K, reserved 1048576K
}
Event: 3.310 GC heap after
{Heap after GC invocations=8 (full 0):
 garbage-first heap   total 37888K, used 14988K [0x00000000a2600000, 0x0000000100000000)
  region size 1024K, 3 young (3072K), 3 survivors (3072K)
 Metaspace       used 31602K, committed 31936K, reserved 1114112K
  class space    used 3644K, committed 3776K, reserved 1048576K
}
Event: 3.804 GC heap before
{Heap before GC invocations=8 (full 0):
 garbage-first heap   total 37888K, used 28300K [0x00000000a2600000, 0x0000000100000000)
  region size 1024K, 16 young (16384K), 3 survivors (3072K)
 Metaspace       used 33981K, committed 34368K, reserved 1114112K
  class space    used 4027K, committed 4224K, reserved 1048576K
}
Event: 3.808 GC heap after
{Heap after GC invocations=9 (full 0):
 garbage-first heap   total 37888K, used 16436K [0x00000000a2600000, 0x0000000100000000)
  region size 1024K, 2 young (2048K), 2 survivors (2048K)
 Metaspace       used 33981K, committed 34368K, reserved 1114112K
  class space    used 4027K, committed 4224K, reserved 1048576K
}
Event: 4.090 GC heap before
{Heap before GC invocations=9 (full 0):
 garbage-first heap   total 37888K, used 21556K [0x00000000a2600000, 0x0000000100000000)
  region size 1024K, 8 young (8192K), 2 survivors (2048K)
 Metaspace       used 35601K, committed 35968K, reserved 1114112K
  class space    used 4199K, committed 4352K, reserved 1048576K
}
Event: 4.092 GC heap after
{Heap after GC invocations=10 (full 0):
 garbage-first heap   total 37888K, used 17093K [0x00000000a2600000, 0x0000000100000000)
  region size 1024K, 1 young (1024K), 1 survivors (1024K)
 Metaspace       used 35601K, committed 35968K, reserved 1114112K
  class space    used 4199K, committed 4352K, reserved 1048576K
}
Event: 4.457 GC heap before
{Heap before GC invocations=11 (full 0):
 garbage-first heap   total 37888K, used 29381K [0x00000000a2600000, 0x0000000100000000)
  region size 1024K, 13 young (13312K), 1 survivors (1024K)
 Metaspace       used 37522K, committed 38016K, reserved 1114112K
  class space    used 4434K, committed 4672K, reserved 1048576K
}
Event: 4.459 GC heap after
{Heap after GC invocations=12 (full 0):
 garbage-first heap   total 37888K, used 17768K [0x00000000a2600000, 0x0000000100000000)
  region size 1024K, 2 young (2048K), 2 survivors (2048K)
 Metaspace       used 37522K, committed 38016K, reserved 1114112K
  class space    used 4434K, committed 4672K, reserved 1048576K
}
Event: 4.799 GC heap before
{Heap before GC invocations=12 (full 0):
 garbage-first heap   total 37888K, used 28008K [0x00000000a2600000, 0x0000000100000000)
  region size 1024K, 13 young (13312K), 2 survivors (2048K)
 Metaspace       used 39629K, committed 40064K, reserved 1114112K
  class space    used 4718K, committed 4928K, reserved 1048576K
}
Event: 4.801 GC heap after
{Heap after GC invocations=13 (full 0):
 garbage-first heap   total 37888K, used 18404K [0x00000000a2600000, 0x0000000100000000)
  region size 1024K, 2 young (2048K), 2 survivors (2048K)
 Metaspace       used 39629K, committed 40064K, reserved 1114112K
  class space    used 4718K, committed 4928K, reserved 1048576K
}
Event: 5.123 GC heap before
{Heap before GC invocations=13 (full 0):
 garbage-first heap   total 37888K, used 29668K [0x00000000a2600000, 0x0000000100000000)
  region size 1024K, 13 young (13312K), 2 survivors (2048K)
 Metaspace       used 42568K, committed 42944K, reserved 1114112K
  class space    used 5178K, committed 5376K, reserved 1048576K
}
Event: 5.125 GC heap after
{Heap after GC invocations=14 (full 0):
 garbage-first heap   total 37888K, used 18860K [0x00000000a2600000, 0x0000000100000000)
  region size 1024K, 2 young (2048K), 2 survivors (2048K)
 Metaspace       used 42568K, committed 42944K, reserved 1114112K
  class space    used 5178K, committed 5376K, reserved 1048576K
}
Event: 5.404 GC heap before
{Heap before GC invocations=15 (full 0):
 garbage-first heap   total 37888K, used 28076K [0x00000000a2600000, 0x0000000100000000)
  region size 1024K, 12 young (12288K), 2 survivors (2048K)
 Metaspace       used 45528K, committed 46016K, reserved 1114112K
  class space    used 5572K, committed 5824K, reserved 1048576K
}
Event: 5.406 GC heap after
{Heap after GC invocations=16 (full 0):
 garbage-first heap   total 37888K, used 19772K [0x00000000a2600000, 0x0000000100000000)
  region size 1024K, 2 young (2048K), 2 survivors (2048K)
 Metaspace       used 45528K, committed 46016K, reserved 1114112K
  class space    used 5572K, committed 5824K, reserved 1048576K
}
Event: 5.897 GC heap before
{Heap before GC invocations=16 (full 0):
 garbage-first heap   total 37888K, used 28988K [0x00000000a2600000, 0x0000000100000000)
  region size 1024K, 12 young (12288K), 2 survivors (2048K)
 Metaspace       used 51796K, committed 52288K, reserved 1114112K
  class space    used 6333K, committed 6592K, reserved 1048576K
}
Event: 5.899 GC heap after
{Heap after GC invocations=17 (full 0):
 garbage-first heap   total 37888K, used 20923K [0x00000000a2600000, 0x0000000100000000)
  region size 1024K, 2 young (2048K), 2 survivors (2048K)
 Metaspace       used 51796K, committed 52288K, reserved 1114112K
  class space    used 6333K, committed 6592K, reserved 1048576K
}
Event: 6.086 GC heap before
{Heap before GC invocations=18 (full 0):
 garbage-first heap   total 37888K, used 29115K [0x00000000a2600000, 0x0000000100000000)
  region size 1024K, 11 young (11264K), 2 survivors (2048K)
 Metaspace       used 53691K, committed 54208K, reserved 1114112K
  class space    used 6613K, committed 6848K, reserved 1048576K
}
Event: 6.089 GC heap after
{Heap after GC invocations=19 (full 0):
 garbage-first heap   total 37888K, used 21646K [0x00000000a2600000, 0x0000000100000000)
  region size 1024K, 1 young (1024K), 1 survivors (1024K)
 Metaspace       used 53691K, committed 54208K, reserved 1114112K
  class space    used 6613K, committed 6848K, reserved 1048576K
}

Dll operation events (9 events):
Event: 0.009 Loaded shared library C:\Users\91702\.p2\pool\plugins\org.eclipse.justj.openjdk.hotspot.jre.full.win32.x86_64_17.0.7.v20230425-1502\jre\bin\java.dll
Event: 0.175 Loaded shared library C:\Users\91702\.p2\pool\plugins\org.eclipse.justj.openjdk.hotspot.jre.full.win32.x86_64_17.0.7.v20230425-1502\jre\bin\net.dll
Event: 0.178 Loaded shared library C:\Users\91702\.p2\pool\plugins\org.eclipse.justj.openjdk.hotspot.jre.full.win32.x86_64_17.0.7.v20230425-1502\jre\bin\nio.dll
Event: 0.187 Loaded shared library C:\Users\91702\.p2\pool\plugins\org.eclipse.justj.openjdk.hotspot.jre.full.win32.x86_64_17.0.7.v20230425-1502\jre\bin\zip.dll
Event: 0.347 Loaded shared library C:\Users\91702\.p2\pool\plugins\org.eclipse.justj.openjdk.hotspot.jre.full.win32.x86_64_17.0.7.v20230425-1502\jre\bin\jimage.dll
Event: 0.737 Loaded shared library C:\Users\91702\.p2\pool\plugins\org.eclipse.justj.openjdk.hotspot.jre.full.win32.x86_64_17.0.7.v20230425-1502\jre\bin\management.dll
Event: 0.740 Loaded shared library C:\Users\91702\.p2\pool\plugins\org.eclipse.justj.openjdk.hotspot.jre.full.win32.x86_64_17.0.7.v20230425-1502\jre\bin\management_ext.dll
Event: 1.807 Loaded shared library C:\Users\91702\.p2\pool\plugins\org.eclipse.justj.openjdk.hotspot.jre.full.win32.x86_64_17.0.7.v20230425-1502\jre\bin\sunmscapi.dll
Event: 5.021 Loaded shared library C:\Users\91702\.p2\pool\plugins\org.eclipse.justj.openjdk.hotspot.jre.full.win32.x86_64_17.0.7.v20230425-1502\jre\bin\verify.dll

Deoptimization events (20 events):
Event: 5.970 Thread 0x0000022bde935890 DEOPT PACKING pc=0x0000022bc9714bf1 sp=0x000000fe30dfde40
Event: 5.970 Thread 0x0000022bde935890 DEOPT UNPACKING pc=0x0000022bd03c7143 sp=0x000000fe30dfd270 mode 0
Event: 6.038 Thread 0x0000022bde935890 DEOPT PACKING pc=0x0000022bc971e44d sp=0x000000fe30dfde70
Event: 6.038 Thread 0x0000022bde935890 DEOPT UNPACKING pc=0x0000022bd03c7143 sp=0x000000fe30dfd2f8 mode 0
Event: 6.042 Thread 0x0000022bde935890 DEOPT PACKING pc=0x0000022bc971e44d sp=0x000000fe30dfde60
Event: 6.042 Thread 0x0000022bde935890 DEOPT UNPACKING pc=0x0000022bd03c7143 sp=0x000000fe30dfd2e8 mode 0
Event: 6.105 Thread 0x0000022bde934550 Uncommon trap: trap_request=0xffffff45 fr.pc=0x0000022bd09e14dc relative=0x00000000000002bc
Event: 6.105 Thread 0x0000022bde934550 Uncommon trap: reason=unstable_if action=reinterpret pc=0x0000022bd09e14dc method=java.util.HashMap.getNode(Ljava/lang/Object;)Ljava/util/HashMap$Node; @ 66 c2
Event: 6.105 Thread 0x0000022bde934550 DEOPT PACKING pc=0x0000022bd09e14dc sp=0x000000fe2fafd590
Event: 6.106 Thread 0x0000022bde934550 DEOPT UNPACKING pc=0x0000022bd03c69a3 sp=0x000000fe2fafd4a0 mode 2
Event: 6.106 Thread 0x0000022bde934550 Uncommon trap: trap_request=0xffffff45 fr.pc=0x0000022bd09c370c relative=0x00000000000001ec
Event: 6.106 Thread 0x0000022bde934550 Uncommon trap: reason=unstable_if action=reinterpret pc=0x0000022bd09c370c method=java.util.HashMap.getNode(Ljava/lang/Object;)Ljava/util/HashMap$Node; @ 131 c2
Event: 6.106 Thread 0x0000022bde934550 DEOPT PACKING pc=0x0000022bd09c370c sp=0x000000fe2fafd510
Event: 6.106 Thread 0x0000022bde934550 DEOPT UNPACKING pc=0x0000022bd03c69a3 sp=0x000000fe2fafd4a0 mode 2
Event: 6.106 Thread 0x0000022bde934550 Uncommon trap: trap_request=0xffffff45 fr.pc=0x0000022bd0b92424 relative=0x0000000000000dc4
Event: 6.106 Thread 0x0000022bde934550 Uncommon trap: reason=unstable_if action=reinterpret pc=0x0000022bd0b92424 method=java.util.HashMap.putVal(ILjava/lang/Object;Ljava/lang/Object;ZZ)Ljava/lang/Object; @ 206 c2
Event: 6.106 Thread 0x0000022bde934550 DEOPT PACKING pc=0x0000022bd0b92424 sp=0x000000fe2fafd510
Event: 6.106 Thread 0x0000022bde934550 DEOPT UNPACKING pc=0x0000022bd03c69a3 sp=0x000000fe2fafd4a8 mode 2
Event: 6.178 Thread 0x0000022bde935890 DEOPT PACKING pc=0x0000022bc971c543 sp=0x000000fe30dfe980
Event: 6.178 Thread 0x0000022bde935890 DEOPT UNPACKING pc=0x0000022bd03c7143 sp=0x000000fe30dfde18 mode 0

Classes unloaded (0 events):
No events

Classes redefined (0 events):
No events

Internal exceptions (20 events):
Event: 3.741 Thread 0x0000022bde934550 Exception <a 'java/lang/NoSuchMethodError'{0x00000000a3f3ff58}: 'java.lang.Object java.lang.invoke.DirectMethodHandle$Holder.invokeSpecial(java.lang.Object, java.lang.Object, java.lang.Object, java.lang.Object, int)'> (0x00000000a3f3ff58) 
thrown [s\src\hotspot\share\interpreter\linkResolver.cpp, line 759]
Event: 3.742 Thread 0x0000022bde934550 Exception <a 'java/lang/NoSuchMethodError'{0x00000000a3f43b20}: 'java.lang.Object java.lang.invoke.Invokers$Holder.linkToTargetMethod(java.lang.Object, java.lang.Object, int, java.lang.Object)'> (0x00000000a3f43b20) 
thrown [s\src\hotspot\share\interpreter\linkResolver.cpp, line 759]
Event: 3.880 Thread 0x0000022bde934550 Exception <a 'java/lang/NoSuchMethodError'{0x00000000a65f1418}: 'java.lang.Object java.lang.invoke.DirectMethodHandle$Holder.invokeStaticInit(java.lang.Object, int, int, int, int)'> (0x00000000a65f1418) 
thrown [s\src\hotspot\share\interpreter\linkResolver.cpp, line 759]
Event: 3.997 Thread 0x0000022bde934550 Exception <a 'java/lang/NoSuchMethodError'{0x00000000a644ac60}: 'java.lang.Object java.lang.invoke.DirectMethodHandle$Holder.invokeStaticInit(java.lang.Object, java.lang.Object, int, int, int, int)'> (0x00000000a644ac60) 
thrown [s\src\hotspot\share\interpreter\linkResolver.cpp, line 759]
Event: 4.162 Thread 0x0000022bde934550 Exception <a 'sun/nio/fs/WindowsException'{0x00000000a63ca5f8}> (0x00000000a63ca5f8) 
thrown [s\src\hotspot\share\prims\jni.cpp, line 516]
Event: 4.163 Thread 0x0000022bde934550 Exception <a 'sun/nio/fs/WindowsException'{0x00000000a63cfff0}> (0x00000000a63cfff0) 
thrown [s\src\hotspot\share\prims\jni.cpp, line 516]
Event: 4.163 Thread 0x0000022bde934550 Exception <a 'sun/nio/fs/WindowsException'{0x00000000a63d06c8}> (0x00000000a63d06c8) 
thrown [s\src\hotspot\share\prims\jni.cpp, line 516]
Event: 4.214 Thread 0x0000022bde934550 Exception <a 'java/lang/NoSuchMethodError'{0x00000000a45091c8}: 'java.lang.Object java.lang.invoke.DirectMethodHandle$Holder.invokeSpecial(java.lang.Object, java.lang.Object, long, java.lang.Object, java.lang.Object, java.lang.Object, java.lang.Object, java.lang.Object, java.lang.Object)'> (0x00000000a45091c8) 
thrown [s\src\hotspot\share\interpreter\linkResolver.cpp, line 759]
Event: 4.214 Thread 0x0000022bde934550 Exception <a 'java/lang/NoSuchMethodError'{0x00000000a450dcf0}: 'java.lang.Object java.lang.invoke.DelegatingMethodHandle$Holder.reinvoke_L(java.lang.Object, long, java.lang.Object, java.lang.Object, java.lang.Object, java.lang.Object, java.lang.Object, java.lang.Object)'> (0x00000000a450dcf0) 
thrown [s\src\hotspot\share\interpreter\linkResolver.cpp, line 759]
Event: 4.248 Thread 0x0000022bde934550 Implicit null exception at 0x0000022bd09b1318 to 0x0000022bd09b2bcc
Event: 4.270 Thread 0x0000022bde934550 Exception <a 'java/io/FileNotFoundException'{0x00000000a4352da0}> (0x00000000a4352da0) 
thrown [s\src\hotspot\share\prims\jni.cpp, line 516]
Event: 4.304 Thread 0x0000022bde934550 Exception <a 'java/lang/NoSuchMethodError'{0x00000000a42a6750}: 'int java.lang.invoke.DirectMethodHandle$Holder.invokeInterface(java.lang.Object, java.lang.Object, java.lang.Object, java.lang.Object)'> (0x00000000a42a6750) 
thrown [s\src\hotspot\share\interpreter\linkResolver.cpp, line 759]
Event: 4.380 Thread 0x0000022bde934550 Exception <a 'java/lang/NoSuchMethodError'{0x00000000a4098b68}: 'long java.lang.invoke.DirectMethodHandle$Holder.invokeVirtual(java.lang.Object, java.lang.Object)'> (0x00000000a4098b68) 
thrown [s\src\hotspot\share\interpreter\linkResolver.cpp, line 759]
Event: 4.388 Thread 0x0000022bde934550 Exception <a 'java/io/FileNotFoundException'{0x00000000a40c84f8}> (0x00000000a40c84f8) 
thrown [s\src\hotspot\share\prims\jni.cpp, line 516]
Event: 4.557 Thread 0x0000022bde934550 Implicit null exception at 0x0000022bd0a7f703 to 0x0000022bd0a7f8d0
Event: 4.563 Thread 0x0000022bde934550 Exception <a 'sun/nio/fs/WindowsException'{0x00000000a63d1818}> (0x00000000a63d1818) 
thrown [s\src\hotspot\share\prims\jni.cpp, line 516]
Event: 5.257 Thread 0x0000022bde934550 Exception <a 'java/lang/NoSuchMethodError'{0x00000000a46aaab8}: 'int java.lang.invoke.DirectMethodHandle$Holder.invokeStatic(java.lang.Object)'> (0x00000000a46aaab8) 
thrown [s\src\hotspot\share\interpreter\linkResolver.cpp, line 759]
Event: 5.494 Thread 0x0000022bde934550 Exception <a 'sun/nio/fs/WindowsException'{0x00000000a64b5320}> (0x00000000a64b5320) 
thrown [s\src\hotspot\share\prims\jni.cpp, line 516]
Event: 5.508 Thread 0x0000022bde934550 Exception <a 'java/lang/NoSuchMethodError'{0x00000000a64d7318}: 'int java.lang.invoke.DirectMethodHandle$Holder.invokeStaticInit(java.lang.Object, java.lang.Object, java.lang.Object, java.lang.Object)'> (0x00000000a64d7318) 
thrown [s\src\hotspot\share\interpreter\linkResolver.cpp, line 759]
Event: 5.926 Thread 0x0000022bde934550 Exception <a 'java/lang/NoSuchMethodError'{0x00000000a83e7c88}: 'java.lang.Object java.lang.invoke.DirectMethodHandle$Holder.invokeStaticInit(java.lang.Object, java.lang.Object, java.lang.Object, java.lang.Object)'> (0x00000000a83e7c88) 
thrown [s\src\hotspot\share\interpreter\linkResolver.cpp, line 759]

VM Operations (20 events):
Event: 5.403 Executing VM operation: G1CollectForAllocation
Event: 5.406 Executing VM operation: G1CollectForAllocation done
Event: 5.445 Executing VM operation: HandshakeAllThreads
Event: 5.445 Executing VM operation: HandshakeAllThreads done
Event: 5.497 Executing VM operation: HandshakeAllThreads
Event: 5.497 Executing VM operation: HandshakeAllThreads done
Event: 5.502 Executing VM operation: HandshakeAllThreads
Event: 5.502 Executing VM operation: HandshakeAllThreads done
Event: 5.600 Executing VM operation: HandshakeAllThreads
Event: 5.600 Executing VM operation: HandshakeAllThreads done
Event: 5.701 Executing VM operation: HandshakeAllThreads
Event: 5.701 Executing VM operation: HandshakeAllThreads done
Event: 5.896 Executing VM operation: G1CollectForAllocation
Event: 5.899 Executing VM operation: G1CollectForAllocation done
Event: 5.911 Executing VM operation: G1Concurrent
Event: 5.914 Executing VM operation: G1Concurrent done
Event: 5.918 Executing VM operation: G1Concurrent
Event: 5.919 Executing VM operation: G1Concurrent done
Event: 6.086 Executing VM operation: G1CollectForAllocation
Event: 6.089 Executing VM operation: G1CollectForAllocation done

Events (20 events):
Event: 5.875 loading class jdk/internal/access/foreign/MemorySegmentProxy done
Event: 5.892 loading class java/util/regex/Pattern$1MatcherIterator
Event: 5.893 loading class java/util/regex/Pattern$1MatcherIterator done
Event: 5.900 Thread 0x0000022bde935890 Thread added: 0x0000022bde935890
Event: 5.924 loading class java/io/CharArrayWriter
Event: 5.924 loading class java/io/CharArrayWriter done
Event: 5.924 loading class java/lang/StringIndexOutOfBoundsException
Event: 5.924 loading class java/lang/StringIndexOutOfBoundsException done
Event: 5.936 loading class jdk/internal/reflect/UnsafeQualifiedStaticIntegerFieldAccessorImpl
Event: 5.937 loading class jdk/internal/reflect/UnsafeQualifiedStaticIntegerFieldAccessorImpl done
Event: 6.125 loading class jdk/internal/ValueBased
Event: 6.125 loading class jdk/internal/ValueBased done
Event: 6.185 loading class java/util/stream/ReduceOps$1
Event: 6.185 loading class java/util/stream/ReduceOps$1 done
Event: 6.185 loading class java/util/stream/ReduceOps$1ReducingSink
Event: 6.185 loading class java/util/stream/ReduceOps$1ReducingSink done
Event: 6.187 loading class sun/security/provider/MD5
Event: 6.187 loading class sun/security/provider/MD5 done
Event: 6.187 loading class sun/security/provider/ByteArrayAccess$LE
Event: 6.187 loading class sun/security/provider/ByteArrayAccess$LE done


Dynamic libraries:
0x00007ff60d110000 - 0x00007ff60d11e000 	C:\Users\91702\.p2\pool\plugins\org.eclipse.justj.openjdk.hotspot.jre.full.win32.x86_64_17.0.7.v20230425-1502\jre\bin\javaw.exe
0x00007fff1eab0000 - 0x00007fff1ecc6000 	C:\WINDOWS\SYSTEM32\ntdll.dll
0x00007fff1db70000 - 0x00007fff1dc34000 	C:\WINDOWS\System32\KERNEL32.DLL
0x00007fff1c1d0000 - 0x00007fff1c576000 	C:\WINDOWS\System32\KERNELBASE.dll
0x00007fff1bea0000 - 0x00007fff1bfb1000 	C:\WINDOWS\System32\ucrtbase.dll
0x00007fff050b0000 - 0x00007fff050c9000 	C:\Users\91702\.p2\pool\plugins\org.eclipse.justj.openjdk.hotspot.jre.full.win32.x86_64_17.0.7.v20230425-1502\jre\bin\VCRUNTIME140.dll
0x00007fff05200000 - 0x00007fff05217000 	C:\Users\91702\.p2\pool\plugins\org.eclipse.justj.openjdk.hotspot.jre.full.win32.x86_64_17.0.7.v20230425-1502\jre\bin\jli.dll
0x00007fff1e7c0000 - 0x00007fff1e96d000 	C:\WINDOWS\System32\USER32.dll
0x00007fff03d40000 - 0x00007fff03fd3000 	C:\WINDOWS\WinSxS\amd64_microsoft.windows.common-controls_6595b64144ccf1df_6.0.22621.3235_none_270f74e173860f98\COMCTL32.dll
0x00007fff1c080000 - 0x00007fff1c0a6000 	C:\WINDOWS\System32\win32u.dll
0x00007fff1c9e0000 - 0x00007fff1ca87000 	C:\WINDOWS\System32\msvcrt.dll
0x00007fff1cdc0000 - 0x00007fff1cde9000 	C:\WINDOWS\System32\GDI32.dll
0x00007fff1c0b0000 - 0x00007fff1c1c8000 	C:\WINDOWS\System32\gdi32full.dll
0x00007fff1c580000 - 0x00007fff1c61a000 	C:\WINDOWS\System32\msvcp_win.dll
0x00007fff1ea30000 - 0x00007fff1ea61000 	C:\WINDOWS\System32\IMM32.DLL
0x00007fff0e4f0000 - 0x00007fff0e4fc000 	C:\Users\91702\.p2\pool\plugins\org.eclipse.justj.openjdk.hotspot.jre.full.win32.x86_64_17.0.7.v20230425-1502\jre\bin\vcruntime140_1.dll
0x00007ffee3070000 - 0x00007ffee3101000 	C:\Users\91702\.p2\pool\plugins\org.eclipse.justj.openjdk.hotspot.jre.full.win32.x86_64_17.0.7.v20230425-1502\jre\bin\msvcp140.dll
0x00007ffe801d0000 - 0x00007ffe80e18000 	C:\Users\91702\.p2\pool\plugins\org.eclipse.justj.openjdk.hotspot.jre.full.win32.x86_64_17.0.7.v20230425-1502\jre\bin\server\jvm.dll
0x00007fff1e000000 - 0x00007fff1e0b2000 	C:\WINDOWS\System32\ADVAPI32.dll
0x00007fff1e970000 - 0x00007fff1ea18000 	C:\WINDOWS\System32\sechost.dll
0x00007fff1be70000 - 0x00007fff1be98000 	C:\WINDOWS\System32\bcrypt.dll
0x00007fff1dee0000 - 0x00007fff1dff5000 	C:\WINDOWS\System32\RPCRT4.dll
0x00007fff151a0000 - 0x00007fff151a9000 	C:\WINDOWS\SYSTEM32\WSOCK32.dll
0x00007fff14e70000 - 0x00007fff14ea4000 	C:\WINDOWS\SYSTEM32\WINMM.dll
0x00007fff1c800000 - 0x00007fff1c871000 	C:\WINDOWS\System32\WS2_32.dll
0x00007fff134c0000 - 0x00007fff134ca000 	C:\WINDOWS\SYSTEM32\VERSION.dll
0x00007fff1ae30000 - 0x00007fff1ae48000 	C:\WINDOWS\SYSTEM32\kernel.appcore.dll
0x00007fff077c0000 - 0x00007fff077ca000 	C:\Users\91702\.p2\pool\plugins\org.eclipse.justj.openjdk.hotspot.jre.full.win32.x86_64_17.0.7.v20230425-1502\jre\bin\jimage.dll
0x00007fff19830000 - 0x00007fff19a63000 	C:\WINDOWS\SYSTEM32\DBGHELP.DLL
0x00007fff1d660000 - 0x00007fff1d9e8000 	C:\WINDOWS\System32\combase.dll
0x00007fff1dda0000 - 0x00007fff1de77000 	C:\WINDOWS\System32\OLEAUT32.dll
0x00007fff13130000 - 0x00007fff13162000 	C:\WINDOWS\SYSTEM32\dbgcore.DLL
0x00007fff1bdf0000 - 0x00007fff1be6a000 	C:\WINDOWS\System32\bcryptPrimitives.dll
0x00007fff02ab0000 - 0x00007fff02ad5000 	C:\Users\91702\.p2\pool\plugins\org.eclipse.justj.openjdk.hotspot.jre.full.win32.x86_64_17.0.7.v20230425-1502\jre\bin\java.dll
0x00007ffee9470000 - 0x00007ffee9488000 	C:\Users\91702\.p2\pool\plugins\org.eclipse.justj.openjdk.hotspot.jre.full.win32.x86_64_17.0.7.v20230425-1502\jre\bin\zip.dll
0x00007fff1cdf0000 - 0x00007fff1d64c000 	C:\WINDOWS\System32\SHELL32.dll
0x00007fff19d50000 - 0x00007fff1a648000 	C:\WINDOWS\SYSTEM32\windows.storage.dll
0x00007fff19c10000 - 0x00007fff19d4e000 	C:\WINDOWS\SYSTEM32\wintypes.dll
0x00007fff1dc40000 - 0x00007fff1dd33000 	C:\WINDOWS\System32\SHCORE.dll
0x00007fff1c880000 - 0x00007fff1c8de000 	C:\WINDOWS\System32\shlwapi.dll
0x00007fff1bd20000 - 0x00007fff1bd46000 	C:\WINDOWS\SYSTEM32\profapi.dll
0x00007ffee5aa0000 - 0x00007ffee5ab9000 	C:\Users\91702\.p2\pool\plugins\org.eclipse.justj.openjdk.hotspot.jre.full.win32.x86_64_17.0.7.v20230425-1502\jre\bin\net.dll
0x00007fff15230000 - 0x00007fff15367000 	C:\WINDOWS\SYSTEM32\WINHTTP.dll
0x00007fff1b2b0000 - 0x00007fff1b319000 	C:\WINDOWS\system32\mswsock.dll
0x00007ffee5a20000 - 0x00007ffee5a35000 	C:\Users\91702\.p2\pool\plugins\org.eclipse.justj.openjdk.hotspot.jre.full.win32.x86_64_17.0.7.v20230425-1502\jre\bin\nio.dll
0x00007fff07700000 - 0x00007fff07709000 	C:\Users\91702\.p2\pool\plugins\org.eclipse.justj.openjdk.hotspot.jre.full.win32.x86_64_17.0.7.v20230425-1502\jre\bin\management.dll
0x00007fff05af0000 - 0x00007fff05afb000 	C:\Users\91702\.p2\pool\plugins\org.eclipse.justj.openjdk.hotspot.jre.full.win32.x86_64_17.0.7.v20230425-1502\jre\bin\management_ext.dll
0x00007fff1e5f0000 - 0x00007fff1e5f8000 	C:\WINDOWS\System32\PSAPI.DLL
0x00007fff05090000 - 0x00007fff0509e000 	C:\Users\91702\.p2\pool\plugins\org.eclipse.justj.openjdk.hotspot.jre.full.win32.x86_64_17.0.7.v20230425-1502\jre\bin\sunmscapi.dll
0x00007fff1c620000 - 0x00007fff1c786000 	C:\WINDOWS\System32\CRYPT32.dll
0x00007fff1b730000 - 0x00007fff1b75e000 	C:\WINDOWS\SYSTEM32\ncrypt.dll
0x00007fff1b680000 - 0x00007fff1b6b7000 	C:\WINDOWS\SYSTEM32\NTASN1.dll
0x00007fff1b500000 - 0x00007fff1b51b000 	C:\WINDOWS\SYSTEM32\CRYPTSP.dll
0x00007fff1ad90000 - 0x00007fff1adc5000 	C:\WINDOWS\system32\rsaenh.dll
0x00007fff1b3a0000 - 0x00007fff1b3cc000 	C:\WINDOWS\SYSTEM32\USERENV.dll
0x00007fff1b520000 - 0x00007fff1b52c000 	C:\WINDOWS\SYSTEM32\CRYPTBASE.dll
0x00007fff1a8b0000 - 0x00007fff1a8dd000 	C:\WINDOWS\SYSTEM32\IPHLPAPI.DLL
0x00007fff1cc50000 - 0x00007fff1cc59000 	C:\WINDOWS\System32\NSI.dll
0x00007fff15610000 - 0x00007fff15629000 	C:\WINDOWS\SYSTEM32\dhcpcsvc6.DLL
0x00007fff15450000 - 0x00007fff1546f000 	C:\WINDOWS\SYSTEM32\dhcpcsvc.DLL
0x00007fff1a920000 - 0x00007fff1aa19000 	C:\WINDOWS\SYSTEM32\DNSAPI.dll
0x00007fff02f20000 - 0x00007fff02f30000 	C:\Users\91702\.p2\pool\plugins\org.eclipse.justj.openjdk.hotspot.jre.full.win32.x86_64_17.0.7.v20230425-1502\jre\bin\verify.dll
0x00007fff15d50000 - 0x00007fff15d5a000 	C:\Windows\System32\rasadhlp.dll
0x00007fff13c60000 - 0x00007fff13ce3000 	C:\WINDOWS\System32\fwpuclnt.dll

dbghelp: loaded successfully - version: 4.0.5 - missing functions: none
symbol engine: initialized successfully - sym options: 0x614 - pdb path: .;C:\Users\91702\.p2\pool\plugins\org.eclipse.justj.openjdk.hotspot.jre.full.win32.x86_64_17.0.7.v20230425-1502\jre\bin;C:\WINDOWS\SYSTEM32;C:\WINDOWS\WinSxS\amd64_microsoft.windows.common-controls_6595b64144ccf1df_6.0.22621.3235_none_270f74e173860f98;C:\Users\91702\.p2\pool\plugins\org.eclipse.justj.openjdk.hotspot.jre.full.win32.x86_64_17.0.7.v20230425-1502\jre\bin\server

VM Arguments:
jvm_args: -Dfile.encoding=UTF-8 -Dstdout.encoding=UTF-8 -Dstderr.encoding=UTF-8 -XX:+ShowCodeDetailsInExceptionMessages 
java_command: com.example.project.ProjectApplication
java_class_path (initial): C:\Users\91702\OneDrive\Desktop\boat\BoatProject\project\target\classes;C:\Users\91702\.m2\repository\org\springframework\boot\spring-boot-starter-data-jpa\3.2.5\spring-boot-starter-data-jpa-3.2.5.jar;C:\Users\91702\.m2\repository\org\springframework\boot\spring-boot-starter-aop\3.2.5\spring-boot-starter-aop-3.2.5.jar;C:\Users\91702\.m2\repository\org\springframework\spring-aop\6.1.6\spring-aop-6.1.6.jar;C:\Users\91702\.m2\repository\org\aspectj\aspectjweaver\1.9.22\aspectjweaver-1.9.22.jar;C:\Users\91702\.m2\repository\org\springframework\boot\spring-boot-starter-jdbc\3.2.5\spring-boot-starter-jdbc-3.2.5.jar;C:\Users\91702\.m2\repository\com\zaxxer\HikariCP\5.0.1\HikariCP-5.0.1.jar;C:\Users\91702\.m2\repository\org\springframework\spring-jdbc\6.1.6\spring-jdbc-6.1.6.jar;C:\Users\91702\.m2\repository\org\hibernate\orm\hibernate-core\6.4.4.Final\hibernate-core-6.4.4.Final.jar;C:\Users\91702\.m2\repository\jakarta\persistence\jakarta.persistence-api\3.1.0\jakarta.persistence-api-3.1.0.jar;C:\Users\91702\.m2\repository\jakarta\transaction\jakarta.transaction-api\2.0.1\jakarta.transaction-api-2.0.1.jar;C:\Users\91702\.m2\repository\org\jboss\logging\jboss-logging\3.5.3.Final\jboss-logging-3.5.3.Final.jar;C:\Users\91702\.m2\repository\org\hibernate\common\hibernate-commons-annotations\6.0.6.Final\hibernate-commons-annotations-6.0.6.Final.jar;C:\Users\91702\.m2\repository\io\smallrye\jandex\3.1.2\jandex-3.1.2.jar;C:\Users\91702\.m2\repository\com\fasterxml\classmate\1.6.0\classmate-1.6.0.jar;C:\Users\91702\.m2\repository\net\bytebuddy\byte-buddy\1.14.13\byte-buddy-1.14.13.jar;C:\Users\91702\.m2\repository\org\glassfish\jaxb\jaxb-runtime\4.0.5\jaxb-runtime-4.0.5.jar;C:\Users\91702\.m2\repository\org\glassfish\jaxb\jaxb-core\4.0.5\jaxb-core-4.0.5.jar;C:\Users\91702\.m2\repository\org\eclipse\angus\angus-activation\2.0.2\angus-activation-2.0.2.jar;C:\Users\91702\.m2\repository\org\glassfish\jaxb\txw2\4.0.5\txw2-4.0.5.jar;C:\Users\91702\.m2\reposi
Launcher Type: SUN_STANDARD

[Global flags]
     intx CICompilerCount                          = 4                                         {product} {ergonomic}
     uint ConcGCThreads                            = 3                                         {product} {ergonomic}
     uint G1ConcRefinementThreads                  = 10                                        {product} {ergonomic}
   size_t G1HeapRegionSize                         = 1048576                                   {product} {ergonomic}
    uintx GCDrainStackTargetSize                   = 64                                        {product} {ergonomic}
   size_t InitialHeapSize                          = 98566144                                  {product} {ergonomic}
   size_t MarkStackSize                            = 4194304                                   {product} {ergonomic}
   size_t MaxHeapSize                              = 1570766848                                {product} {ergonomic}
   size_t MaxNewSize                               = 941621248                                 {product} {ergonomic}
   size_t MinHeapDeltaBytes                        = 1048576                                   {product} {ergonomic}
   size_t MinHeapSize                              = 8388608                                   {product} {ergonomic}
    uintx NonNMethodCodeHeapSize                   = 5839372                                {pd product} {ergonomic}
    uintx NonProfiledCodeHeapSize                  = 122909434                              {pd product} {ergonomic}
    uintx ProfiledCodeHeapSize                     = 122909434                              {pd product} {ergonomic}
    uintx ReservedCodeCacheSize                    = 251658240                              {pd product} {ergonomic}
     bool SegmentedCodeCache                       = true                                      {product} {ergonomic}
     bool ShowCodeDetailsInExceptionMessages       = true                                   {manageable} {command line}
   size_t SoftMaxHeapSize                          = 1570766848                             {manageable} {ergonomic}
     bool UseCompressedClassPointers               = true                           {product lp64_product} {ergonomic}
     bool UseCompressedOops                        = true                           {product lp64_product} {ergonomic}
     bool UseG1GC                                  = true                                      {product} {ergonomic}
     bool UseLargePagesIndividualAllocation        = false                                  {pd product} {ergonomic}

Logging:
Log output configuration:
 #0: stdout all=warning uptime,level,tags
 #1: stderr all=off uptime,level,tags

Environment Variables:
PATH=C:/Users/91702/.p2/pool/plugins/org.eclipse.justj.openjdk.hotspot.jre.full.win32.x86_64_20.0.1.v20230425-1611/jre/bin/server;C:/Users/91702/.p2/pool/plugins/org.eclipse.justj.openjdk.hotspot.jre.full.win32.x86_64_20.0.1.v20230425-1611/jre/bin;C:\Program Files\Common Files\Oracle\Java\javapath;C:\WINDOWS\system32;C:\WINDOWS;C:\WINDOWS\System32\Wbem;C:\WINDOWS\System32\WindowsPowerShell\v1.0\;C:\WINDOWS\System32\OpenSSH\;C:\Program Files\Git\cmd;C:\Program Files\Java\jdk-17\bin;C:\Program Files\nodejs\;C:\Program Files\Git LFS;C:\Program Files\MySQL\MySQL Shell 8.0\bin\;C:\Users\91702\AppData\Local\Programs\Python\Python311\Scripts\;C:\Users\91702\AppData\Local\Programs\Python\Python311\;C:\Users\91702\AppData\Local\Microsoft\WindowsApps;C:\Users\91702\AppData\Local\Programs\Microsoft VS Code\bin;C:\Program Files (x86)\OpenSSL;C:\Users\91702\OneDrive\Documents\flutter\bin;C:\Program Files\mongosh\;C:\Users\91702\AppData\Roaming\npm;C:\Users\91702\OneDrive\Desktop;
USERNAME=91702
OS=Windows_NT
PROCESSOR_IDENTIFIER=AMD64 Family 23 Model 104 Stepping 1, AuthenticAMD
TMP=C:\Users\91702\AppData\Local\Temp
TEMP=C:\Users\91702\AppData\Local\Temp



---------------  S Y S T E M  ---------------

OS:
 Windows 11 , 64 bit Build 22621 (10.0.22621.3235)
OS uptime: 70 days 1:10 hours

CPU: total 12 (initial active 12) (12 cores per cpu, 2 threads per core) family 23 model 104 stepping 1 microcode 0x0, cx8, cmov, fxsr, ht, mmx, 3dnowpref, sse, sse2, sse3, ssse3, sse4a, sse4.1, sse4.2, popcnt, lzcnt, tsc, tscinvbit, avx, avx2, aes, clmul, bmi1, bmi2, adx, sha, fma, vzeroupper, clflush, clflushopt

Memory: 4k page, system-wide physical 5989M (488M free)
TotalPageFile size 24421M (AvailPageFile size 3M)
current process WorkingSet (physical memory assigned to process): 202M, peak: 203M
current process commit charge ("private bytes"): 238M, peak: 238M

vm_info: OpenJDK 64-Bit Server VM (17.0.7+7) for windows-amd64 JRE (17.0.7+7), built on Apr 18 2023 22:10:42 by "temurin" with MS VC++ 16.7 (VS2019)

END.
